<?xml version="1.0" encoding="UTF-8"?>
<!-- Generated by org.testng.reporters.JUnitReportReporter -->
<testsuite skipped="0" hostname="DESKTOP-H5H9KEN" name="com.training.sanity.tests.Medium_RTTC_043_Tests" tests="1" failures="0" timestamp="09 Jul 2019 16:23:48 GMT" time="13.738" errors="0">
  <testcase name="RTTC_043_Test" time="13.738" classname="com.training.sanity.tests.Medium_RTTC_043_Tests"/>
</testsuite> <!-- com.training.sanity.tests.Medium_RTTC_043_Tests -->
