<?xml version="1.0" encoding="UTF-8"?>
<!-- Generated by org.testng.reporters.JUnitReportReporter -->
<testsuite skipped="0" hostname="DESKTOP-H5H9KEN" name="com.training.sanity.tests.Medium_RTTC_046_Tests" tests="1" failures="0" timestamp="09 Jul 2019 16:27:09 GMT" time="40.365" errors="0">
  <testcase name="RTTC_046_Test" time="40.365" classname="com.training.sanity.tests.Medium_RTTC_046_Tests"/>
</testsuite> <!-- com.training.sanity.tests.Medium_RTTC_046_Tests -->
