<?xml version="1.0" encoding="UTF-8"?>
<!-- Generated by org.testng.reporters.JUnitReportReporter -->
<testsuite skipped="0" hostname="DESKTOP-H5H9KEN" name="com.training.sanity.tests.Simple_RTTC_011_Tests" tests="1" failures="0" timestamp="09 Jul 2019 16:22:36 GMT" time="9.319" errors="0">
  <testcase name="RTTC_011_Test" time="9.319" classname="com.training.sanity.tests.Simple_RTTC_011_Tests"/>
</testsuite> <!-- com.training.sanity.tests.Simple_RTTC_011_Tests -->
