<?xml version="1.0" encoding="UTF-8"?>
<!-- Generated by org.testng.reporters.JUnitReportReporter -->
<testsuite skipped="0" hostname="DESKTOP-H5H9KEN" name="com.training.sanity.tests.AdminLoginTests" tests="4" failures="0" timestamp="23 Jun 2019 14:49:19 GMT" time="20.279" errors="0">
  <testcase name="TaxTest" time="6.567" classname="com.training.sanity.tests.AdminLoginTests"/>
  <testcase name="validLoginTest" time="5.974" classname="com.training.sanity.tests.AdminLoginTests"/>
  <testcase name="CatalogTest" time="1.413" classname="com.training.sanity.tests.AdminLoginTests"/>
  <testcase name="OrdersTest" time="6.325" classname="com.training.sanity.tests.AdminLoginTests"/>
</testsuite> <!-- com.training.sanity.tests.AdminLoginTests -->
