<?xml version="1.0" encoding="UTF-8"?>
<!-- Generated by org.testng.reporters.JUnitReportReporter -->
<testsuite skipped="0" hostname="DESKTOP-H5H9KEN" name="com.training.sanity.tests.Simple_Extra_RTTC_022_Tests" tests="1" failures="0" timestamp="09 Jul 2019 16:17:52 GMT" time="11.353" errors="0">
  <testcase name="RTTC_022_Test" time="11.353" classname="com.training.sanity.tests.Simple_Extra_RTTC_022_Tests"/>
</testsuite> <!-- com.training.sanity.tests.Simple_Extra_RTTC_022_Tests -->
