<?xml version="1.0" encoding="UTF-8"?>
<!-- Generated by org.testng.reporters.JUnitReportReporter -->
<testsuite skipped="0" hostname="DESKTOP-H5H9KEN" name="com.training.sanity.tests.trial" tests="1" failures="0" timestamp="08 Jul 2019 04:56:21 GMT" time="106.010" errors="0">
  <testcase name="RTTC_070_Test_Order_Placement" time="106.010" classname="com.training.sanity.tests.trial"/>
</testsuite> <!-- com.training.sanity.tests.trial -->
