<?xml version="1.0" encoding="UTF-8"?>
<!-- Generated by org.testng.reporters.JUnitReportReporter -->
<testsuite skipped="0" hostname="DESKTOP-H5H9KEN" name="com.training.regression.tests.LoginExcelTest" tests="2" failures="0" timestamp="07 Jul 2019 15:20:06 GMT" time="59.689" errors="0">
  <testcase name="loginDBTest" time="13.377" classname="com.training.regression.tests.LoginExcelTest"/>
  <testcase name="loginDBTest" time="46.312" classname="com.training.regression.tests.LoginExcelTest"/>
</testsuite> <!-- com.training.regression.tests.LoginExcelTest -->
