<?xml version="1.0" encoding="UTF-8"?>
<!-- Generated by org.testng.reporters.JUnitReportReporter -->
<testsuite skipped="0" hostname="DESKTOP-H5H9KEN" name="com.training.regression.tests.LoginDBTest" tests="2" failures="0" timestamp="05 Jul 2019 23:42:37 GMT" time="25.710" errors="0">
  <testcase name="loginDBTest" time="11.774" classname="com.training.regression.tests.LoginDBTest"/>
  <testcase name="loginDBTest" time="13.936" classname="com.training.regression.tests.LoginDBTest"/>
</testsuite> <!-- com.training.regression.tests.LoginDBTest -->
