<?xml version="1.0" encoding="UTF-8"?>
<!-- Generated by org.testng.reporters.JUnitReportReporter -->
<testsuite skipped="0" hostname="DESKTOP-H5H9KEN" name="com.training.sanity.tests.AdminLoginTests" tests="4" failures="0" timestamp="23 Jun 2019 15:13:18 GMT" time="16.079" errors="0">
  <testcase name="TaxTest" time="5.216" classname="com.training.sanity.tests.AdminLoginTests"/>
  <testcase name="validLoginTest" time="4.405" classname="com.training.sanity.tests.AdminLoginTests"/>
  <testcase name="CatalogTest" time="1.300" classname="com.training.sanity.tests.AdminLoginTests"/>
  <testcase name="OrdersTest" time="5.158" classname="com.training.sanity.tests.AdminLoginTests"/>
</testsuite> <!-- com.training.sanity.tests.AdminLoginTests -->
