<?xml version="1.0" encoding="UTF-8"?>
<!-- Generated by org.testng.reporters.JUnitReportReporter -->
<testsuite skipped="0" hostname="DESKTOP-H5H9KEN" name="com.training.sanity.tests.Complex_RTTC_070_Tests" tests="1" failures="0" timestamp="09 Jul 2019 16:29:46 GMT" time="107.577" errors="0">
  <testcase name="RTTC_070_Test_Order_Placement" time="107.577" classname="com.training.sanity.tests.Complex_RTTC_070_Tests"/>
</testsuite> <!-- com.training.sanity.tests.Complex_RTTC_070_Tests -->
