<?xml version="1.0" encoding="UTF-8"?>
<!-- Generated by org.testng.reporters.JUnitReportReporter -->
<testsuite skipped="0" hostname="DESKTOP-H5H9KEN" name="com.training.sanity.tests.RetailTests" tests="1" failures="0" timestamp="23 Jun 2019 14:32:30 GMT" time="46.800" errors="0">
  <testcase name="validLoginTest" time="46.800" classname="com.training.sanity.tests.RetailTests"/>
</testsuite> <!-- com.training.sanity.tests.RetailTests -->
