<?xml version="1.0" encoding="UTF-8"?>
<!-- Generated by org.testng.reporters.JUnitReportReporter -->
<testsuite skipped="0" hostname="DESKTOP-H5H9KEN" name="com.training.sanity.tests.Complex_RTTC_071_Tests" tests="4" failures="0" timestamp="09 Jul 2019 16:31:23 GMT" time="63.294" errors="0">
  <testcase name="RTTC_071_Test" time="16.479" classname="com.training.sanity.tests.Complex_RTTC_071_Tests"/>
  <testcase name="RTTC_071_Test" time="15.726" classname="com.training.sanity.tests.Complex_RTTC_071_Tests"/>
  <testcase name="RTTC_071_Test" time="15.569" classname="com.training.sanity.tests.Complex_RTTC_071_Tests"/>
  <testcase name="RTTC_071_Test" time="15.520" classname="com.training.sanity.tests.Complex_RTTC_071_Tests"/>
</testsuite> <!-- com.training.sanity.tests.Complex_RTTC_071_Tests -->
