<?xml version="1.0" encoding="UTF-8"?>
<!-- Generated by org.testng.reporters.JUnitReportReporter -->
<testsuite skipped="0" hostname="DESKTOP-H5H9KEN" name="com.training.sanity.tests.Complex_RTTC_072_Tests" tests="4" failures="0" timestamp="09 Jul 2019 16:33:04 GMT" time="63.898" errors="0">
  <testcase name="RTTC_072_Test" time="16.588" classname="com.training.sanity.tests.Complex_RTTC_072_Tests"/>
  <testcase name="RTTC_072_Test" time="15.291" classname="com.training.sanity.tests.Complex_RTTC_072_Tests"/>
  <testcase name="RTTC_072_Test" time="16.209" classname="com.training.sanity.tests.Complex_RTTC_072_Tests"/>
  <testcase name="RTTC_072_Test" time="15.810" classname="com.training.sanity.tests.Complex_RTTC_072_Tests"/>
</testsuite> <!-- com.training.sanity.tests.Complex_RTTC_072_Tests -->
