<?xml version="1.0" encoding="UTF-8"?>
<!-- Generated by org.testng.reporters.JUnitReportReporter -->
<testsuite skipped="0" hostname="DESKTOP-H5H9KEN" name="com.training.sanity.tests.Medium_RTTC_045_Tests" tests="1" failures="0" timestamp="09 Jul 2019 16:25:50 GMT" time="12.193" errors="0">
  <testcase name="RTTC_045_Test" time="12.193" classname="com.training.sanity.tests.Medium_RTTC_045_Tests"/>
</testsuite> <!-- com.training.sanity.tests.Medium_RTTC_045_Tests -->
